<?xml version="1.0" encoding="UTF-8"?>
<testsuite xmlns:xsi="http://www.w3.org/2001/XMLSchema-instance" xsi:noNamespaceSchemaLocation="https://maven.apache.org/surefire/maven-surefire-plugin/xsd/surefire-test-report.xsd" name="com.pa_voice_recognition.PA_GUI_VoiceRecognition.AppTest" time="15.16" tests="1" errors="0" skipped="0" failures="0">
  <properties>
    <property name="sun.desktop" value="gnome"/>
    <property name="awt.toolkit" value="sun.awt.X11.XToolkit"/>
    <property name="file.encoding.pkg" value="sun.io"/>
    <property name="java.specification.version" value="1.8"/>
    <property name="sun.cpu.isalist" value=""/>
    <property name="sun.jnu.encoding" value="UTF-8"/>
    <property name="java.class.path" value="/local-home/martin/eclipse-workspace/PA_GUI_VoiceRecognition/target/test-classes:/local-home/martin/eclipse-workspace/PA_GUI_VoiceRecognition/target/classes:/local-home/martin/.m2/repository/junit/junit/4.11/junit-4.11.jar:/local-home/martin/.m2/repository/org/hamcrest/hamcrest-core/1.3/hamcrest-core-1.3.jar:/local-home/martin/.m2/repository/edu/cmu/sphinx/sphinx4-core/5prealpha-SNAPSHOT/sphinx4-core-5prealpha-SNAPSHOT.jar:/local-home/martin/.m2/repository/org/apache/commons/commons-math3/3.2/commons-math3-3.2.jar:/local-home/martin/.m2/repository/edu/cmu/sphinx/sphinx4-data/5prealpha-SNAPSHOT/sphinx4-data-5prealpha-SNAPSHOT.jar:/local-home/martin/.m2/repository/edu/cmu/sphinx/sphinx4-samples/5prealpha-SNAPSHOT/sphinx4-samples-5prealpha-SNAPSHOT.jar:"/>
    <property name="java.vm.vendor" value="Oracle Corporation"/>
    <property name="sun.arch.data.model" value="64"/>
    <property name="java.vendor.url" value="http://java.oracle.com/"/>
    <property name="user.timezone" value=""/>
    <property name="java.vm.specification.version" value="1.8"/>
    <property name="os.name" value="Linux"/>
    <property name="user.country" value="US"/>
    <property name="sun.java.launcher" value="SUN_STANDARD"/>
    <property name="sun.boot.library.path" value="/usr/lib/jvm/java-1.8.0-openjdk-1.8.0.242.b08-0.el7_7.x86_64/jre/lib/amd64"/>
    <property name="sun.java.command" value="/local-home/martin/eclipse-workspace/PA_GUI_VoiceRecognition/target/surefire/surefirebooter4677598978754481980.jar /local-home/martin/eclipse-workspace/PA_GUI_VoiceRecognition/target/surefire 2021-04-14T12-53-27_955-jvmRun1 surefire1222873146969903605tmp surefire_04568215874204006427tmp"/>
    <property name="surefire.test.class.path" value="/local-home/martin/eclipse-workspace/PA_GUI_VoiceRecognition/target/test-classes:/local-home/martin/eclipse-workspace/PA_GUI_VoiceRecognition/target/classes:/local-home/martin/.m2/repository/junit/junit/4.11/junit-4.11.jar:/local-home/martin/.m2/repository/org/hamcrest/hamcrest-core/1.3/hamcrest-core-1.3.jar:/local-home/martin/.m2/repository/edu/cmu/sphinx/sphinx4-core/5prealpha-SNAPSHOT/sphinx4-core-5prealpha-SNAPSHOT.jar:/local-home/martin/.m2/repository/org/apache/commons/commons-math3/3.2/commons-math3-3.2.jar:/local-home/martin/.m2/repository/edu/cmu/sphinx/sphinx4-data/5prealpha-SNAPSHOT/sphinx4-data-5prealpha-SNAPSHOT.jar:/local-home/martin/.m2/repository/edu/cmu/sphinx/sphinx4-samples/5prealpha-SNAPSHOT/sphinx4-samples-5prealpha-SNAPSHOT.jar:"/>
    <property name="sun.cpu.endian" value="little"/>
    <property name="user.home" value="/local-home/martin"/>
    <property name="user.language" value="en"/>
    <property name="java.specification.vendor" value="Oracle Corporation"/>
    <property name="java.home" value="/usr/lib/jvm/java-1.8.0-openjdk-1.8.0.242.b08-0.el7_7.x86_64/jre"/>
    <property name="basedir" value="/local-home/martin/eclipse-workspace/PA_GUI_VoiceRecognition"/>
    <property name="file.separator" value="/"/>
    <property name="line.separator" value="&#10;"/>
    <property name="java.vm.specification.vendor" value="Oracle Corporation"/>
    <property name="java.specification.name" value="Java Platform API Specification"/>
    <property name="java.awt.graphicsenv" value="sun.awt.X11GraphicsEnvironment"/>
    <property name="surefire.real.class.path" value="/local-home/martin/eclipse-workspace/PA_GUI_VoiceRecognition/target/surefire/surefirebooter4677598978754481980.jar"/>
    <property name="sun.boot.class.path" value="/usr/lib/jvm/java-1.8.0-openjdk-1.8.0.242.b08-0.el7_7.x86_64/jre/lib/resources.jar:/usr/lib/jvm/java-1.8.0-openjdk-1.8.0.242.b08-0.el7_7.x86_64/jre/lib/rt.jar:/usr/lib/jvm/java-1.8.0-openjdk-1.8.0.242.b08-0.el7_7.x86_64/jre/lib/sunrsasign.jar:/usr/lib/jvm/java-1.8.0-openjdk-1.8.0.242.b08-0.el7_7.x86_64/jre/lib/jsse.jar:/usr/lib/jvm/java-1.8.0-openjdk-1.8.0.242.b08-0.el7_7.x86_64/jre/lib/jce.jar:/usr/lib/jvm/java-1.8.0-openjdk-1.8.0.242.b08-0.el7_7.x86_64/jre/lib/charsets.jar:/usr/lib/jvm/java-1.8.0-openjdk-1.8.0.242.b08-0.el7_7.x86_64/jre/lib/jfr.jar:/usr/lib/jvm/java-1.8.0-openjdk-1.8.0.242.b08-0.el7_7.x86_64/jre/classes"/>
    <property name="sun.management.compiler" value="HotSpot 64-Bit Tiered Compilers"/>
    <property name="java.runtime.version" value="1.8.0_242-b08"/>
    <property name="user.name" value="martin"/>
    <property name="path.separator" value=":"/>
    <property name="os.version" value="3.10.0-1062.18.1.el7.x86_64"/>
    <property name="java.endorsed.dirs" value="/usr/lib/jvm/java-1.8.0-openjdk-1.8.0.242.b08-0.el7_7.x86_64/jre/lib/endorsed"/>
    <property name="java.runtime.name" value="OpenJDK Runtime Environment"/>
    <property name="file.encoding" value="UTF-8"/>
    <property name="java.vm.name" value="OpenJDK 64-Bit Server VM"/>
    <property name="localRepository" value="/local-home/martin/.m2/repository"/>
    <property name="java.vendor.url.bug" value="http://bugreport.sun.com/bugreport/"/>
    <property name="java.io.tmpdir" value="/tmp"/>
    <property name="java.version" value="1.8.0_242"/>
    <property name="user.dir" value="/local-home/martin/eclipse-workspace/PA_GUI_VoiceRecognition"/>
    <property name="os.arch" value="amd64"/>
    <property name="java.vm.specification.name" value="Java Virtual Machine Specification"/>
    <property name="java.awt.printerjob" value="sun.print.PSPrinterJob"/>
    <property name="sun.os.patch.level" value="unknown"/>
    <property name="java.library.path" value="/usr/java/packages/lib/amd64:/usr/lib64:/lib64:/lib:/usr/lib"/>
    <property name="java.vm.info" value="mixed mode"/>
    <property name="java.vendor" value="Oracle Corporation"/>
    <property name="java.vm.version" value="25.242-b08"/>
    <property name="java.ext.dirs" value="/usr/lib/jvm/java-1.8.0-openjdk-1.8.0.242.b08-0.el7_7.x86_64/jre/lib/ext:/usr/java/packages/lib/ext"/>
    <property name="sun.io.unicode.encoding" value="UnicodeLittle"/>
    <property name="java.class.version" value="52.0"/>
  </properties>
  <testcase name="WakeUp" classname="com.pa_voice_recognition.PA_GUI_VoiceRecognition.AppTest" time="15.121"/>
</testsuite>